0 info it worked if it ends with ok
1 verbose cli [ '/usr/bin/nodejs', '/usr/bin/npm', 'run', 'start' ]
2 info using npm@3.10.5
3 info using node@v4.4.3
4 verbose run-script [ 'prestart', 'start', 'poststart' ]
5 info lifecycle @~prestart: @
6 verbose lifecycle @~prestart: unsafe-perm in lifecycle true
7 verbose lifecycle @~prestart: PATH: /usr/lib/node_modules/npm/bin/node-gyp-bin:/home/edu/workspace/zahorijs/node_modules/.bin:/usr/bin:/home/edu/apps/google_appengine:{/usr/local/sbin:/usr/local/bin:/usr/sbin:/usr/bin:/sbin:/bin:/usr/games:/usr/local/games}:/home/edu/apps/google_appengine/:/home/edu/Android/Sdk/platform-tools
8 verbose lifecycle @~prestart: CWD: /home/edu/workspace/zahorijs
9 silly lifecycle @~prestart: Args: [ '-c', 'npm run clean-and-copy' ]
10 silly lifecycle @~prestart: Returned: code: 1  signal: null
11 info lifecycle @~prestart: Failed to exec prestart script
12 verbose stack Error: @ prestart: `npm run clean-and-copy`
12 verbose stack Exit status 1
12 verbose stack     at EventEmitter.<anonymous> (/usr/lib/node_modules/npm/lib/utils/lifecycle.js:242:16)
12 verbose stack     at emitTwo (events.js:87:13)
12 verbose stack     at EventEmitter.emit (events.js:172:7)
12 verbose stack     at ChildProcess.<anonymous> (/usr/lib/node_modules/npm/lib/utils/spawn.js:40:14)
12 verbose stack     at emitTwo (events.js:87:13)
12 verbose stack     at ChildProcess.emit (events.js:172:7)
12 verbose stack     at maybeClose (internal/child_process.js:827:16)
12 verbose stack     at Process.ChildProcess._handle.onexit (internal/child_process.js:211:5)
13 verbose pkgid @
14 verbose cwd /home/edu/workspace/zahorijs/src
15 error Linux 4.2.0-35-generic
16 error argv "/usr/bin/nodejs" "/usr/bin/npm" "run" "start"
17 error node v4.4.3
18 error npm  v3.10.5
19 error code ELIFECYCLE
20 error @ prestart: `npm run clean-and-copy`
20 error Exit status 1
21 error Failed at the @ prestart script 'npm run clean-and-copy'.
21 error Make sure you have the latest version of node.js and npm installed.
21 error If you do, this is most likely a problem with the  package,
21 error not with npm itself.
21 error Tell the author that this fails on your system:
21 error     npm run clean-and-copy
21 error You can get information on how to open an issue for this project with:
21 error     npm bugs
21 error Or if that isn't available, you can get their info via:
21 error     npm owner ls
21 error There is likely additional logging output above.
22 verbose exit [ 1, true ]
